<?xml version="1.0" encoding="UTF-8"?>
<!-- Generated by org.testng.reporters.JUnitXMLReporter -->
<testsuite hostname="JIM-TI8227" name="Test" tests="4" failures="0" timestamp="10 Apr 2016 05:35:39 GMT" time="119.454" errors="0">
  <testcase name="valid_search" time="12.925" classname="testscript.Search_Scenario"/>
  <testcase name="valid_search" time="6.3" classname="testscript.Search_Scenario"/>
  <testcase name="valid_search" time="5.779" classname="testscript.Search_Scenario"/>
  <testcase name="valid_login" time="14.769" classname="testscript.Login_Scenario"/>
</testsuite> <!-- Test -->
